Library/Bee/Android/Prj/Mono2x/Gradle/launcher/build/intermediates/manifest_merge_blame_file/release/manifest-merger-blame-release-report.txt
1<?xml version="1.0" encoding="utf-8"?>
2<manifest xmlns:android="http://schemas.android.com/apk/res/android"
3    package="com.TurkayBiliyor.VrDevices"
4    android:installLocation="preferExternal"
5    android:versionCode="1"
6    android:versionName="1.0" >
7
8    <uses-sdk
9        android:minSdkVersion="23"
9-->src\main\AndroidManifest.xml
10        android:targetSdkVersion="26" />
10-->src\main\AndroidManifest.xml
11
12    <supports-screens
12-->src\main\AndroidManifest.xml:3:3-163
13        android:anyDensity="true"
13-->src\main\AndroidManifest.xml:3:135-160
14        android:largeScreens="true"
14-->src\main\AndroidManifest.xml:3:78-105
15        android:normalScreens="true"
15-->src\main\AndroidManifest.xml:3:49-77
16        android:smallScreens="true"
16-->src\main\AndroidManifest.xml:3:21-48
17        android:xlargeScreens="true" />
17-->src\main\AndroidManifest.xml:3:106-134
18
19    <uses-feature
19-->[:unityLibrary] AndroidManifest.xml:13:5-15:36
20        android:name="oculus.software.overlay_keyboard"
20-->[:unityLibrary] AndroidManifest.xml:14:9-56
21        android:required="false" />
21-->[:unityLibrary] AndroidManifest.xml:15:9-33
22    <uses-feature android:glEsVersion="0x00020000" />
22-->[:unityLibrary] AndroidManifest.xml:16:5-54
22-->[:unityLibrary] AndroidManifest.xml:16:19-51
23
24    <uses-permission android:name="android.permission.INTERNET" />
24-->[:unityLibrary] AndroidManifest.xml:18:5-67
24-->[:unityLibrary] AndroidManifest.xml:18:22-64
25
26    <uses-feature
26-->[:unityLibrary] AndroidManifest.xml:20:5-22:36
27        android:name="android.hardware.touchscreen"
27-->[:unityLibrary] AndroidManifest.xml:21:9-52
28        android:required="false" />
28-->[:unityLibrary] AndroidManifest.xml:22:9-33
29    <uses-feature
29-->[:unityLibrary] AndroidManifest.xml:23:5-25:36
30        android:name="android.hardware.touchscreen.multitouch"
30-->[:unityLibrary] AndroidManifest.xml:24:9-63
31        android:required="false" />
31-->[:unityLibrary] AndroidManifest.xml:25:9-33
32    <uses-feature
32-->[:unityLibrary] AndroidManifest.xml:26:5-28:36
33        android:name="android.hardware.touchscreen.multitouch.distinct"
33-->[:unityLibrary] AndroidManifest.xml:27:9-72
34        android:required="false" />
34-->[:unityLibrary] AndroidManifest.xml:28:9-33
35    <uses-feature
35-->[:unityLibrary] AndroidManifest.xml:29:5-32:31
36        android:name="android.hardware.vr.headtracking"
36-->[:unityLibrary] AndroidManifest.xml:30:9-56
37        android:required="true"
37-->[:unityLibrary] AndroidManifest.xml:31:9-32
38        android:version="1" />
38-->[:unityLibrary] AndroidManifest.xml:32:9-28
39
40    <uses-permission android:name="android.permission.ACCESS_NETWORK_STATE" />
40-->[:UnityAds:] AndroidManifest.xml:9:5-79
40-->[:UnityAds:] AndroidManifest.xml:9:22-76
41
42    <application
42-->src\main\AndroidManifest.xml:4:3-121
43        android:banner="@drawable/app_banner"
43-->src\main\AndroidManifest.xml:4:81-118
44        android:extractNativeLibs="true"
44-->[:unityLibrary] AndroidManifest.xml:35:9-41
45        android:icon="@mipmap/app_icon"
45-->src\main\AndroidManifest.xml:4:49-80
46        android:isGame="true"
46-->[:unityLibrary] AndroidManifest.xml:36:9-30
47        android:label="@string/app_name" >
47-->src\main\AndroidManifest.xml:4:16-48
48        <activity
48-->[:unityLibrary] AndroidManifest.xml:37:9-62:20
49            android:name="com.unity3d.player.UnityPlayerActivity"
49-->[:unityLibrary] AndroidManifest.xml:38:13-66
50            android:configChanges="keyboard|keyboardHidden|navigation|orientation|screenLayout|screenSize|uiMode"
50-->[:unityLibrary] AndroidManifest.xml:39:13-114
51            android:hardwareAccelerated="false"
51-->[:unityLibrary] AndroidManifest.xml:40:13-48
52            android:launchMode="singleTask"
52-->[:unityLibrary] AndroidManifest.xml:41:13-44
53            android:resizeableActivity="false"
53-->[:unityLibrary] AndroidManifest.xml:42:13-47
54            android:screenOrientation="landscape"
54-->[:unityLibrary] AndroidManifest.xml:43:13-50
55            android:theme="@android:style/Theme.Black.NoTitleBar.Fullscreen" >
55-->[:unityLibrary] AndroidManifest.xml:44:13-77
56            <intent-filter>
56-->[:unityLibrary] AndroidManifest.xml:45:13-51:29
57                <action android:name="android.intent.action.MAIN" />
57-->[:unityLibrary] AndroidManifest.xml:46:17-69
57-->[:unityLibrary] AndroidManifest.xml:46:25-66
58
59                <category android:name="android.intent.category.LAUNCHER" />
59-->[:unityLibrary] AndroidManifest.xml:48:17-77
59-->[:unityLibrary] AndroidManifest.xml:48:27-74
60                <category android:name="android.intent.category.LEANBACK_LAUNCHER" />
60-->[:unityLibrary] AndroidManifest.xml:49:17-86
60-->[:unityLibrary] AndroidManifest.xml:49:27-83
61                <category android:name="com.oculus.intent.category.VR" />
61-->[:unityLibrary] AndroidManifest.xml:50:17-74
61-->[:unityLibrary] AndroidManifest.xml:50:27-71
62            </intent-filter>
63
64            <meta-data
64-->[:unityLibrary] AndroidManifest.xml:53:13-55:40
65                android:name="unityplayer.UnityActivity"
65-->[:unityLibrary] AndroidManifest.xml:54:17-57
66                android:value="true" />
66-->[:unityLibrary] AndroidManifest.xml:55:17-37
67            <meta-data
67-->[:unityLibrary] AndroidManifest.xml:56:13-58:40
68                android:name="android.notch_support"
68-->[:unityLibrary] AndroidManifest.xml:57:17-53
69                android:value="true" />
69-->[:unityLibrary] AndroidManifest.xml:58:17-37
70            <meta-data
70-->[:unityLibrary] AndroidManifest.xml:59:13-61:40
71                android:name="com.oculus.vr.focusaware"
71-->[:unityLibrary] AndroidManifest.xml:60:17-56
72                android:value="true" />
72-->[:unityLibrary] AndroidManifest.xml:61:17-37
73        </activity>
74
75        <meta-data
75-->[:unityLibrary] AndroidManifest.xml:64:9-66:33
76            android:name="unity.splash-mode"
76-->[:unityLibrary] AndroidManifest.xml:65:13-45
77            android:value="0" />
77-->[:unityLibrary] AndroidManifest.xml:66:13-30
78        <meta-data
78-->[:unityLibrary] AndroidManifest.xml:67:9-69:36
79            android:name="unity.splash-enable"
79-->[:unityLibrary] AndroidManifest.xml:68:13-47
80            android:value="True" />
80-->[:unityLibrary] AndroidManifest.xml:69:13-33
81        <meta-data
81-->[:unityLibrary] AndroidManifest.xml:70:9-72:36
82            android:name="unity.launch-fullscreen"
82-->[:unityLibrary] AndroidManifest.xml:71:13-51
83            android:value="True" />
83-->[:unityLibrary] AndroidManifest.xml:72:13-33
84        <meta-data
84-->[:unityLibrary] AndroidManifest.xml:73:9-75:37
85            android:name="unity.allow-resizable-window"
85-->[:unityLibrary] AndroidManifest.xml:74:13-56
86            android:value="False" />
86-->[:unityLibrary] AndroidManifest.xml:75:13-34
87        <meta-data
87-->[:unityLibrary] AndroidManifest.xml:76:9-78:50
88            android:name="notch.config"
88-->[:unityLibrary] AndroidManifest.xml:77:13-40
89            android:value="portrait|landscape" />
89-->[:unityLibrary] AndroidManifest.xml:78:13-47
90        <meta-data
90-->[:unityLibrary] AndroidManifest.xml:79:9-81:39
91            android:name="com.samsung.android.vr.application.mode"
91-->[:unityLibrary] AndroidManifest.xml:80:13-67
92            android:value="vr_only" />
92-->[:unityLibrary] AndroidManifest.xml:81:13-36
93        <meta-data
93-->[:unityLibrary] AndroidManifest.xml:82:9-84:37
94            android:name="com.unity.xr.oculus.LowOverheadMode"
94-->[:unityLibrary] AndroidManifest.xml:83:13-63
95            android:value="false" />
95-->[:unityLibrary] AndroidManifest.xml:84:13-34
96        <meta-data
96-->[:unityLibrary] AndroidManifest.xml:85:9-87:44
97            android:name="com.oculus.supportedDevices"
97-->[:unityLibrary] AndroidManifest.xml:86:13-55
98            android:value="quest|quest2" />
98-->[:unityLibrary] AndroidManifest.xml:87:13-41
99
100        <activity
100-->[:UnityAds:] AndroidManifest.xml:13:9-17:74
101            android:name="com.unity3d.services.ads.adunit.AdUnitActivity"
101-->[:UnityAds:] AndroidManifest.xml:14:13-74
102            android:configChanges="fontScale|keyboard|keyboardHidden|locale|mnc|mcc|navigation|orientation|screenLayout|screenSize|smallestScreenSize|uiMode|touchscreen"
102-->[:UnityAds:] AndroidManifest.xml:15:13-170
103            android:hardwareAccelerated="true"
103-->[:UnityAds:] AndroidManifest.xml:16:13-47
104            android:theme="@android:style/Theme.NoTitleBar.Fullscreen" />
104-->[:UnityAds:] AndroidManifest.xml:17:13-71
105        <activity
105-->[:UnityAds:] AndroidManifest.xml:18:9-22:86
106            android:name="com.unity3d.services.ads.adunit.AdUnitTransparentActivity"
106-->[:UnityAds:] AndroidManifest.xml:19:13-85
107            android:configChanges="fontScale|keyboard|keyboardHidden|locale|mnc|mcc|navigation|orientation|screenLayout|screenSize|smallestScreenSize|uiMode|touchscreen"
107-->[:UnityAds:] AndroidManifest.xml:20:13-170
108            android:hardwareAccelerated="true"
108-->[:UnityAds:] AndroidManifest.xml:21:13-47
109            android:theme="@android:style/Theme.Translucent.NoTitleBar.Fullscreen" />
109-->[:UnityAds:] AndroidManifest.xml:22:13-83
110        <activity
110-->[:UnityAds:] AndroidManifest.xml:23:9-27:86
111            android:name="com.unity3d.services.ads.adunit.AdUnitTransparentSoftwareActivity"
111-->[:UnityAds:] AndroidManifest.xml:24:13-93
112            android:configChanges="fontScale|keyboard|keyboardHidden|locale|mnc|mcc|navigation|orientation|screenLayout|screenSize|smallestScreenSize|uiMode|touchscreen"
112-->[:UnityAds:] AndroidManifest.xml:25:13-170
113            android:hardwareAccelerated="false"
113-->[:UnityAds:] AndroidManifest.xml:26:13-48
114            android:theme="@android:style/Theme.Translucent.NoTitleBar.Fullscreen" />
114-->[:UnityAds:] AndroidManifest.xml:27:13-83
115        <activity
115-->[:UnityAds:] AndroidManifest.xml:28:9-32:74
116            android:name="com.unity3d.services.ads.adunit.AdUnitSoftwareActivity"
116-->[:UnityAds:] AndroidManifest.xml:29:13-82
117            android:configChanges="fontScale|keyboard|keyboardHidden|locale|mnc|mcc|navigation|orientation|screenLayout|screenSize|smallestScreenSize|uiMode|touchscreen"
117-->[:UnityAds:] AndroidManifest.xml:30:13-170
118            android:hardwareAccelerated="false"
118-->[:UnityAds:] AndroidManifest.xml:31:13-48
119            android:theme="@android:style/Theme.NoTitleBar.Fullscreen" />
119-->[:UnityAds:] AndroidManifest.xml:32:13-71
120    </application>
121
122</manifest>